<?xml version="1.0" encoding="UTF-8"?>
<!-- Generated by org.testng.reporters.JUnitXMLReporter -->
<testsuite ignored="0" hostname="DESKTOP-715ID5O" failures="0" tests="4" name="Test" time="0.204" errors="0" timestamp="2023-11-06T06:04:45 IST">
  <testcase classname="demo_3.Test_class1" name="Testcasemethod1" time="0.026"/>
  <testcase classname="demo_3.Test_class1" name="Testcasemethod2" time="0.011"/>
  <testcase classname="demo_3.Testclass2" name="Testcasemethod13" time="0.003"/>
  <testcase classname="demo_3.Testclass2" name="Testcasemethod14" time="0.004"/>
</testsuite> <!-- Test -->
