<?xml version="1.0" encoding="UTF-8"?>
<testng-results ignored="0" total="4" passed="4" failed="0" skipped="0">
  <reporter-output>
  </reporter-output>
  <suite started-at="2023-11-06T06:04:45 IST" name="Suite" finished-at="2023-11-06T06:04:45 IST" duration-ms="204">
    <groups>
    </groups>
    <test started-at="2023-11-06T06:04:45 IST" name="Test" finished-at="2023-11-06T06:04:45 IST" duration-ms="204">
      <class name="demo_3.Test_class1">
        <test-method signature="Testcasemethod1()[pri:0, instance:demo_3.Test_class1@7674f035]" started-at="2023-11-06T06:04:45 IST" name="Testcasemethod1" finished-at="2023-11-06T06:04:45 IST" duration-ms="26" status="PASS">
          <reporter-output>
          </reporter-output>
        </test-method> <!-- Testcasemethod1 -->
        <test-method signature="Testcasemethod2()[pri:0, instance:demo_3.Test_class1@7674f035]" started-at="2023-11-06T06:04:45 IST" name="Testcasemethod2" finished-at="2023-11-06T06:04:45 IST" duration-ms="11" status="PASS">
          <reporter-output>
          </reporter-output>
        </test-method> <!-- Testcasemethod2 -->
      </class> <!-- demo_3.Test_class1 -->
      <class name="demo_3.Testclass2">
        <test-method signature="Testcasemethod13()[pri:0, instance:demo_3.Testclass2@2034b64c]" started-at="2023-11-06T06:04:45 IST" name="Testcasemethod13" finished-at="2023-11-06T06:04:45 IST" duration-ms="3" status="PASS">
          <reporter-output>
          </reporter-output>
        </test-method> <!-- Testcasemethod13 -->
        <test-method signature="Testcasemethod14()[pri:0, instance:demo_3.Testclass2@2034b64c]" started-at="2023-11-06T06:04:45 IST" name="Testcasemethod14" finished-at="2023-11-06T06:04:45 IST" duration-ms="4" status="PASS">
          <reporter-output>
          </reporter-output>
        </test-method> <!-- Testcasemethod14 -->
      </class> <!-- demo_3.Testclass2 -->
    </test> <!-- Test -->
  </suite> <!-- Suite -->
</testng-results>
